<?xml version="1.0" encoding="UTF-8"?>
<testsuite xmlns:xsi="http://www.w3.org/2001/XMLSchema-instance" xsi:noNamespaceSchemaLocation="https://maven.apache.org/surefire/maven-surefire-plugin/xsd/surefire-test-report-3.0.xsd" version="3.0" name="DotGraphParserTest" time="0.084" tests="11" errors="0" skipped="0" failures="0">
  <properties>
    <property name="java.specification.version" value="23"/>
    <property name="sun.jnu.encoding" value="UTF-8"/>
    <property name="java.class.path" value="/Users/aryamannmarwaha/IdeaProjects/CSE-464-2024-amarwah3/target/test-classes:/Users/aryamannmarwaha/IdeaProjects/CSE-464-2024-amarwah3/target/classes:/Users/aryamannmarwaha/.m2/repository/org/jgrapht/jgrapht-core/1.5.1/jgrapht-core-1.5.1.jar:/Users/aryamannmarwaha/.m2/repository/org/jheaps/jheaps/0.13/jheaps-0.13.jar:/Users/aryamannmarwaha/.m2/repository/guru/nidi/graphviz-java/0.18.1/graphviz-java-0.18.1.jar:/Users/aryamannmarwaha/.m2/repository/org/webjars/npm/viz.js-graphviz-java/2.1.3/viz.js-graphviz-java-2.1.3.jar:/Users/aryamannmarwaha/.m2/repository/guru/nidi/com/kitfox/svgSalamander/1.1.3/svgSalamander-1.1.3.jar:/Users/aryamannmarwaha/.m2/repository/net/arnx/nashorn-promise/0.1.1/nashorn-promise-0.1.1.jar:/Users/aryamannmarwaha/.m2/repository/org/apache/commons/commons-exec/1.3/commons-exec-1.3.jar:/Users/aryamannmarwaha/.m2/repository/com/google/code/findbugs/jsr305/3.0.2/jsr305-3.0.2.jar:/Users/aryamannmarwaha/.m2/repository/org/slf4j/jcl-over-slf4j/1.7.30/jcl-over-slf4j-1.7.30.jar:/Users/aryamannmarwaha/.m2/repository/org/slf4j/jul-to-slf4j/1.7.30/jul-to-slf4j-1.7.30.jar:/Users/aryamannmarwaha/.m2/repository/guru/nidi/com/eclipsesource/j2v8/j2v8_macosx_x86_64/4.6.0/j2v8_macosx_x86_64-4.6.0.jar:/Users/aryamannmarwaha/.m2/repository/org/slf4j/slf4j-api/1.7.30/slf4j-api-1.7.30.jar:/Users/aryamannmarwaha/.m2/repository/junit/junit/4.13.2/junit-4.13.2.jar:/Users/aryamannmarwaha/.m2/repository/org/hamcrest/hamcrest-core/1.3/hamcrest-core-1.3.jar:/Users/aryamannmarwaha/.m2/repository/org/slf4j/slf4j-simple/1.7.30/slf4j-simple-1.7.30.jar:"/>
    <property name="java.vm.vendor" value="Homebrew"/>
    <property name="sun.arch.data.model" value="64"/>
    <property name="java.vendor.url" value="https://github.com/Homebrew/homebrew-core/issues"/>
    <property name="os.name" value="Mac OS X"/>
    <property name="java.vm.specification.version" value="23"/>
    <property name="sun.java.launcher" value="SUN_STANDARD"/>
    <property name="user.country" value="US"/>
    <property name="sun.boot.library.path" value="/opt/homebrew/Cellar/openjdk/23/libexec/openjdk.jdk/Contents/Home/lib"/>
    <property name="sun.java.command" value="/Users/aryamannmarwaha/IdeaProjects/CSE-464-2024-amarwah3/target/surefire/surefirebooter-20241108012225629_3.jar /Users/aryamannmarwaha/IdeaProjects/CSE-464-2024-amarwah3/target/surefire 2024-11-08T01-22-25_588-jvmRun1 surefire-20241108012225629_1tmp surefire_0-20241108012225629_2tmp"/>
    <property name="jdk.debug" value="release"/>
    <property name="surefire.test.class.path" value="/Users/aryamannmarwaha/IdeaProjects/CSE-464-2024-amarwah3/target/test-classes:/Users/aryamannmarwaha/IdeaProjects/CSE-464-2024-amarwah3/target/classes:/Users/aryamannmarwaha/.m2/repository/org/jgrapht/jgrapht-core/1.5.1/jgrapht-core-1.5.1.jar:/Users/aryamannmarwaha/.m2/repository/org/jheaps/jheaps/0.13/jheaps-0.13.jar:/Users/aryamannmarwaha/.m2/repository/guru/nidi/graphviz-java/0.18.1/graphviz-java-0.18.1.jar:/Users/aryamannmarwaha/.m2/repository/org/webjars/npm/viz.js-graphviz-java/2.1.3/viz.js-graphviz-java-2.1.3.jar:/Users/aryamannmarwaha/.m2/repository/guru/nidi/com/kitfox/svgSalamander/1.1.3/svgSalamander-1.1.3.jar:/Users/aryamannmarwaha/.m2/repository/net/arnx/nashorn-promise/0.1.1/nashorn-promise-0.1.1.jar:/Users/aryamannmarwaha/.m2/repository/org/apache/commons/commons-exec/1.3/commons-exec-1.3.jar:/Users/aryamannmarwaha/.m2/repository/com/google/code/findbugs/jsr305/3.0.2/jsr305-3.0.2.jar:/Users/aryamannmarwaha/.m2/repository/org/slf4j/jcl-over-slf4j/1.7.30/jcl-over-slf4j-1.7.30.jar:/Users/aryamannmarwaha/.m2/repository/org/slf4j/jul-to-slf4j/1.7.30/jul-to-slf4j-1.7.30.jar:/Users/aryamannmarwaha/.m2/repository/guru/nidi/com/eclipsesource/j2v8/j2v8_macosx_x86_64/4.6.0/j2v8_macosx_x86_64-4.6.0.jar:/Users/aryamannmarwaha/.m2/repository/org/slf4j/slf4j-api/1.7.30/slf4j-api-1.7.30.jar:/Users/aryamannmarwaha/.m2/repository/junit/junit/4.13.2/junit-4.13.2.jar:/Users/aryamannmarwaha/.m2/repository/org/hamcrest/hamcrest-core/1.3/hamcrest-core-1.3.jar:/Users/aryamannmarwaha/.m2/repository/org/slf4j/slf4j-simple/1.7.30/slf4j-simple-1.7.30.jar:"/>
    <property name="sun.cpu.endian" value="little"/>
    <property name="user.home" value="/Users/aryamannmarwaha"/>
    <property name="user.language" value="en"/>
    <property name="java.specification.vendor" value="Oracle Corporation"/>
    <property name="java.version.date" value="2024-09-17"/>
    <property name="java.home" value="/opt/homebrew/Cellar/openjdk/23/libexec/openjdk.jdk/Contents/Home"/>
    <property name="file.separator" value="/"/>
    <property name="basedir" value="/Users/aryamannmarwaha/IdeaProjects/CSE-464-2024-amarwah3"/>
    <property name="java.vm.compressedOopsMode" value="Zero based"/>
    <property name="line.separator" value="&#10;"/>
    <property name="java.specification.name" value="Java Platform API Specification"/>
    <property name="java.vm.specification.vendor" value="Oracle Corporation"/>
    <property name="apple.awt.application.name" value="ForkedBooter"/>
    <property name="surefire.real.class.path" value="/Users/aryamannmarwaha/IdeaProjects/CSE-464-2024-amarwah3/target/surefire/surefirebooter-20241108012225629_3.jar"/>
    <property name="sun.management.compiler" value="HotSpot 64-Bit Tiered Compilers"/>
    <property name="java.runtime.version" value="23"/>
    <property name="user.name" value="aryamannmarwaha"/>
    <property name="stdout.encoding" value="UTF-8"/>
    <property name="path.separator" value=":"/>
    <property name="os.version" value="14.3"/>
    <property name="java.runtime.name" value="OpenJDK Runtime Environment"/>
    <property name="file.encoding" value="UTF-8"/>
    <property name="java.vm.name" value="OpenJDK 64-Bit Server VM"/>
    <property name="java.vendor.version" value="Homebrew"/>
    <property name="localRepository" value="/Users/aryamannmarwaha/.m2/repository"/>
    <property name="java.vendor.url.bug" value="https://github.com/Homebrew/homebrew-core/issues"/>
    <property name="java.io.tmpdir" value="/var/folders/62/tc_f876x4q3bcr1v_0gmtqlh0000gn/T/"/>
    <property name="java.version" value="23"/>
    <property name="user.dir" value="/Users/aryamannmarwaha/IdeaProjects/CSE-464-2024-amarwah3"/>
    <property name="os.arch" value="aarch64"/>
    <property name="java.vm.specification.name" value="Java Virtual Machine Specification"/>
    <property name="native.encoding" value="UTF-8"/>
    <property name="java.library.path" value="/Users/aryamannmarwaha/Library/Java/Extensions:/Library/Java/Extensions:/Network/Library/Java/Extensions:/System/Library/Java/Extensions:/usr/lib/java:."/>
    <property name="java.vm.info" value="mixed mode, sharing"/>
    <property name="stderr.encoding" value="UTF-8"/>
    <property name="java.vendor" value="Homebrew"/>
    <property name="java.vm.version" value="23"/>
    <property name="sun.io.unicode.encoding" value="UnicodeBig"/>
    <property name="java.class.version" value="67.0"/>
  </properties>
  <testcase name="testDFSDirectPath" classname="DotGraphParserTest" time="0.015"/>
  <testcase name="testDFSPathExists" classname="DotGraphParserTest" time="0.009"/>
  <testcase name="testAddEdge" classname="DotGraphParserTest" time="0.011">
    <system-out><![CDATA[Current nodes in graph: [A, B, C, D]
Number of nodes: 4
Nodes: [A, B, C, D]
Number of edges: 4
Edges: [A -> B, C -> A, A -> D, B -> C]
]]></system-out>
  </testcase>
  <testcase name="testOutputGraph" classname="DotGraphParserTest" time="0.012"/>
  <testcase name="testToString" classname="DotGraphParserTest" time="0.001">
    <system-out><![CDATA[Current nodes in graph: [A, B, C]
]]></system-out>
  </testcase>
  <testcase name="testRemoveNodes" classname="DotGraphParserTest" time="0.005">
    <system-out><![CDATA[Current nodes in graph: [A, B, C, D]
Initial graph:
Number of nodes: 4
Nodes: [A, B, C, D]
Number of edges: 6
Edges: [A -> B, C -> A, B -> C, D -> B, D -> A, C -> D]
Node A removed successfully.
Node C removed successfully.
Node E not found.
Nodes A, C, E removed successfully.
Current nodes in graph: [B, D]
Current nodes in graph: [B, D]
Graph after removing nodes A, C, and non-existent E:
Number of nodes: 2
Nodes: [B, D]
Number of edges: 1
Edges: [D -> B]
]]></system-out>
  </testcase>
  <testcase name="testAddNodes" classname="DotGraphParserTest" time="0.002">
    <system-out><![CDATA[Current nodes in graph: [A, B, C, X, Y]
]]></system-out>
  </testcase>
  <testcase name="testRemoveNode" classname="DotGraphParserTest" time="0.001">
    <system-out><![CDATA[Current nodes in graph: [A, B, C, X]
Node X removed successfully.
Current nodes in graph: [A, B, C]
]]></system-out>
  </testcase>
  <testcase name="testDFSSelfPath" classname="DotGraphParserTest" time="0.001"/>
  <testcase name="testDFSNoPath" classname="DotGraphParserTest" time="0.001">
    <system-err><![CDATA[Source or destination node not found in the graph.
]]></system-err>
  </testcase>
  <testcase name="testGraphParsedSuccessfully" classname="DotGraphParserTest" time="0.001">
    <system-out><![CDATA[Current nodes in graph: [A, B, C]
]]></system-out>
  </testcase>
</testsuite>